[2020-05-01 19:57:30] Текст ошибки syntax error, unexpected '$post' (T_VARIABLE) | Файл: E:\OSPanel\domains\mvc\app\controllers\MainController.php | Строка 37
=========================
[2020-05-01 19:57:30] Текст ошибки Use of undefined constant DEBUG - assumed 'DEBUG' | Файл: E:\OSPanel\domains\mvc\vendor\core\ErrorHandler.php | Строка 56
=========================
[2020-05-01 19:58:57] Текст ошибки syntax error, unexpected '$posts' (T_VARIABLE) | Файл: E:\OSPanel\domains\mvc\app\controllers\MainController.php | Строка 19
=========================
[2020-05-01 19:58:58] Текст ошибки syntax error, unexpected '$posts' (T_VARIABLE) | Файл: E:\OSPanel\domains\mvc\app\controllers\MainController.php | Строка 19
=========================
[2020-05-01 20:00:25] Текст ошибки Контроллер | Файл: E:\OSPanel\domains\mvc\vendor\core\Router.php | Строка 66
=========================
[2020-05-01 20:00:26] Текст ошибки Контроллер | Файл: E:\OSPanel\domains\mvc\vendor\core\Router.php | Строка 66
=========================
[2020-05-01 20:00:27] Текст ошибки Контроллер | Файл: E:\OSPanel\domains\mvc\vendor\core\Router.php | Строка 66
=========================
[2020-05-01 20:00:27] Текст ошибки Контроллер | Файл: E:\OSPanel\domains\mvc\vendor\core\Router.php | Строка 66
=========================
[2020-05-01 20:00:28] Текст ошибки Контроллер | Файл: E:\OSPanel\domains\mvc\vendor\core\Router.php | Строка 66
=========================
[2020-05-01 20:01:43] Текст ошибки Контроллер app\controllers\AsdasdasdController не найден | Файл: E:\OSPanel\domains\mvc\vendor\core\Router.php | Строка 66
=========================
[2020-05-01 20:01:43] Текст ошибки Контроллер app\controllers\AsdasdasdController не найден | Файл: E:\OSPanel\domains\mvc\vendor\core\Router.php | Строка 66
=========================
[2020-05-01 20:01:54] Текст ошибки Контроллер app\controllers\AsdasdasdController не найден | Файл: E:\OSPanel\domains\mvc\vendor\core\Router.php | Строка 64
=========================
[2020-05-01 20:01:55] Текст ошибки Контроллер app\controllers\AsdasdasdController не найден | Файл: E:\OSPanel\domains\mvc\vendor\core\Router.php | Строка 64
=========================
[2020-05-01 20:01:55] Текст ошибки Контроллер app\controllers\AsdasdasdController не найден | Файл: E:\OSPanel\domains\mvc\vendor\core\Router.php | Строка 64
=========================
[2020-05-01 20:04:31] Текст ошибки: Контроллер app\controllers\AsdasdasdController не найден | Файл: E:\OSPanel\domains\mvc\vendor\core\Router.php | Строка: 64
=========================
[2020-05-01 20:04:32] Текст ошибки: Контроллер app\controllers\AsdasdasdController не найден | Файл: E:\OSPanel\domains\mvc\vendor\core\Router.php | Строка: 64
=========================
[2020-05-01 20:04:38] Текст ошибки: Undefined variable: test | Файл: E:\OSPanel\domains\mvc\app\controllers\MainController.php | Строка: 18
=========================
[2020-05-01 20:05:39] Текст ошибки: Undefined variable: test | Файл: E:\OSPanel\domains\mvc\app\controllers\MainController.php | Строка: 18
=========================
[2020-05-01 20:05:50] Текст ошибки: Контроллер app\controllers\AsdasdController не найден | Файл: E:\OSPanel\domains\mvc\vendor\core\Router.php | Строка: 64
=========================
